[INFO ] [02:38:09] [1] - 

02:38:09 -------------------------------- NEW LOG --------------------------------
[INFO ] [02:38:32] [1] - 

02:38:32 -------------------------------- NEW LOG --------------------------------
[INFO ] [02:38:36] [1] - Login user: 'Администратор' result: 'True'
[ERROR] [02:38:39] [1] - Key: Invalid agent!
[ERROR] [02:38:39] [1] - Key: Invalid agent!
[ERROR] [02:38:39] [1] - Key: Invalid agent!
[ERROR] [02:38:39] [1] - Key: Invalid agent!
[INFO ] [02:40:05] [1] - 

02:40:05 -------------------------------- NEW LOG --------------------------------
[INFO ] [02:40:09] [1] - Login user: 'Администратор' result: 'True'
[ERROR] [02:40:11] [1] - Key: Invalid agent!
[ERROR] [02:40:11] [1] - Key: Invalid agent!
[ERROR] [02:40:11] [1] - Key: Invalid agent!
[ERROR] [02:40:11] [1] - Key: Invalid agent!
[INFO ] [02:45:20] [1] - 

02:45:20 -------------------------------- NEW LOG --------------------------------
[INFO ] [02:45:24] [1] - Login user: 'Администратор' result: 'True'
[ERROR] [02:45:25] [1] - Key: Invalid agent!
[ERROR] [02:45:25] [1] - Key: Invalid agent!
[ERROR] [02:45:25] [1] - Key: Invalid agent!
[ERROR] [02:45:25] [1] - Key: Invalid agent!
[INFO ] [02:56:33] [1] - 

02:56:33 -------------------------------- NEW LOG --------------------------------
[INFO ] [02:56:37] [1] - Login user: 'Администратор' result: 'True'
[ERROR] [02:56:39] [1] - Key: Invalid agent!
[ERROR] [02:56:39] [1] - Key: Invalid agent!
[ERROR] [02:56:39] [1] - Key: Invalid agent!
[ERROR] [02:56:39] [1] - Key: Invalid agent!
[INFO ] [02:58:12] [1] - 

02:58:12 -------------------------------- NEW LOG --------------------------------
[INFO ] [02:58:18] [1] - Login user: 'Администратор' result: 'True'
[ERROR] [02:58:19] [1] - Key: Invalid agent!
[ERROR] [02:58:19] [1] - Key: Invalid agent!
[ERROR] [02:58:19] [1] - Key: Invalid agent!
[ERROR] [02:58:19] [1] - Key: Invalid agent!
[INFO ] [03:52:19] [1] - 

03:52:19 -------------------------------- NEW LOG --------------------------------
[INFO ] [03:52:23] [1] - Login user: 'Администратор' result: 'True'
[ERROR] [03:52:25] [1] - Key: Invalid agent!
[ERROR] [03:52:25] [1] - Key: Invalid agent!
[ERROR] [03:52:25] [1] - Key: Invalid agent!
[ERROR] [03:52:25] [1] - Key: Invalid agent!
[INFO ] [04:02:37] [1] - 

04:02:37 -------------------------------- NEW LOG --------------------------------
[INFO ] [04:02:47] [1] - Login user: 'Администратор' result: 'True'
[ERROR] [04:02:48] [1] - Key: Invalid agent!
[ERROR] [04:02:48] [1] - Key: Invalid agent!
[ERROR] [04:02:48] [1] - Key: Invalid agent!
[ERROR] [04:02:48] [1] - Key: Invalid agent!
[INFO ] [04:03:54] [1] - 

04:03:54 -------------------------------- NEW LOG --------------------------------
[INFO ] [04:03:58] [1] - Login user: 'Администратор' result: 'True'
[ERROR] [04:03:59] [1] - Key: Invalid agent!
[ERROR] [04:03:59] [1] - Key: Invalid agent!
[ERROR] [04:03:59] [1] - Key: Invalid agent!
[ERROR] [04:03:59] [1] - Key: Invalid agent!
[INFO ] [04:04:16] [1] - 

04:04:16 -------------------------------- NEW LOG --------------------------------
[INFO ] [04:04:20] [1] - Login user: 'Администратор' result: 'True'
[ERROR] [04:04:21] [1] - Key: Invalid agent!
[ERROR] [04:04:21] [1] - Key: Invalid agent!
[ERROR] [04:04:21] [1] - Key: Invalid agent!
[ERROR] [04:04:21] [1] - Key: Invalid agent!
[INFO ] [04:04:55] [1] - 

04:04:55 -------------------------------- NEW LOG --------------------------------
[INFO ] [04:04:59] [1] - Login user: 'Администратор' result: 'True'
[ERROR] [04:05:00] [1] - Key: Invalid agent!
[ERROR] [04:05:00] [1] - Key: Invalid agent!
[ERROR] [04:05:00] [1] - Key: Invalid agent!
[ERROR] [04:05:00] [1] - Key: Invalid agent!
[INFO ] [04:12:24] [1] - 

04:12:24 -------------------------------- NEW LOG --------------------------------
[INFO ] [04:12:28] [1] - Login user: 'Администратор' result: 'True'
[ERROR] [04:12:30] [1] - Key: Invalid agent!
[ERROR] [04:12:30] [1] - Key: Invalid agent!
[ERROR] [04:12:30] [1] - Key: Invalid agent!
[ERROR] [04:12:30] [1] - Key: Invalid agent!
[ERROR] [04:12:54] [75] - Нельзя редактировать неспозиционированный объект
[INFO ] [04:24:09] [1] - 

04:24:09 -------------------------------- NEW LOG --------------------------------
[INFO ] [04:24:13] [1] - Login user: 'Администратор' result: 'True'
[ERROR] [04:24:15] [1] - Key: Invalid agent!
[ERROR] [04:24:15] [1] - Key: Invalid agent!
[ERROR] [04:24:15] [1] - Key: Invalid agent!
[ERROR] [04:24:15] [1] - Key: Invalid agent!
